<?xml version="1.0" encoding="UTF-8"?>
<!-- Generated by org.testng.reporters.JUnitReportReporter -->
<testsuite hostname="INBLRWIT215776" failures="0" tests="2" name="tests.ValidUserLoginTest" time="106.552" errors="0" timestamp="2021-04-18T13:13:35 IST" skipped="0">
  <testcase classname="tests.ValidUserLoginTest" name="ValidUserLogin" time="70.048"/>
  <system-out/>
  <testcase classname="tests.ValidUserLoginTest" name="Logout" time="36.504"/>
  <system-out/>
</testsuite> <!-- tests.ValidUserLoginTest -->
