<?xml version="1.0" encoding="UTF-8"?>
<!-- Generated by org.testng.reporters.JUnitReportReporter -->
<testsuite hostname="INBLRWIT215776" failures="0" tests="1" name="tests.NewTest" time="0.044" errors="0" timestamp="2021-04-18T00:40:53 IST" skipped="0">
  <testcase classname="tests.NewTest" name="f" time="0.044"/>
  <system-out/>
</testsuite> <!-- tests.NewTest -->
